<?xml version="1.0" encoding="UTF-8"?>
<testng-results ignored="0" total="1" passed="1" failed="0" skipped="0">
  <reporter-output>
  </reporter-output>
  <suite started-at="2020-03-05T21:17:49 EST" name="Default suite" finished-at="2020-03-05T21:17:50 EST" duration-ms="481">
    <groups>
    </groups>
    <test started-at="2020-03-05T21:17:49 EST" name="Default test" finished-at="2020-03-05T21:17:50 EST" duration-ms="481">
      <class name="com.hrms.practice.StoringDataFromDB">
        <test-method signature="getAndStoreEnhanced()[pri:0, instance:com.hrms.practice.StoringDataFromDB@77167fb7]" started-at="2020-03-05T21:17:49 EST" name="getAndStoreEnhanced" finished-at="2020-03-05T21:17:50 EST" duration-ms="442" status="PASS">
          <reporter-output>
          </reporter-output>
        </test-method> <!-- getAndStoreEnhanced -->
      </class> <!-- com.hrms.practice.StoringDataFromDB -->
    </test> <!-- Default test -->
  </suite> <!-- Default suite -->
</testng-results>
